[TRACE]02:42:25:129:  **PROCESS CREATION**[main.c][184].main(this_proc[7]).
[TRACE]02:42:25:133:  [7]..shm_type[0].shm_id[0].shm_key[0].shm_size[0].shm_flags[0].shm_ptr[0].
[TRACE]02:42:25:136:  [7].ps_msg_init().
[TRACE]02:42:25:138:  [7]..i[0].que_id[240000].que_key[2000].que_flags[bff].
[TRACE]02:42:25:140:  [7]..i[1].que_id[248001].que_key[2001].que_flags[bff].
[TRACE]02:42:25:143:  [7]..i[2].que_id[250002].que_key[2002].que_flags[bff].
[TRACE]02:42:25:145:  [7]..i[3].que_id[258003].que_key[2003].que_flags[bff].
[TRACE]02:42:25:148:  [7]..i[4].que_id[260004].que_key[2004].que_flags[bff].
[TRACE]02:42:25:150:  [7]..i[5].que_id[268005].que_key[2005].que_flags[bff].
[TRACE]02:42:25:158:  [7]..i[6].que_id[270006].que_key[2006].que_flags[bff].
[TRACE]02:42:25:160:  [7]..i[7].que_id[278007].que_key[2007].que_flags[bff].
[TRACE]02:42:25:170:  [7][message.c][135].generic_msg_init(4).
[TRACE]02:42:25:174:  **PROCESS CREATION**[io.c][145].io(this_proc[0]).
[TRACE]02:42:25:181:  **PROCESS CREATION**[pgrabber.c][172].pgrabber(this_proc[1]).
[TRACE]02:42:25:187:  **PROCESS CREATION**[ppusher.c][157].ppusher(this_proc[2]).
[TRACE]02:42:25:198:  [7][message.c][236].msg_send( receiver[0] ).
[TRACE]02:42:25:202:  [0]..shm_type[638].shm_id[240000].shm_key[2000].shm_size[2559].shm_flags[fc].shm_ptr[6f692f2e].
[TRACE]02:42:25:192:  **PROCESS CREATION**[pstamper.c][158].pstamper(this_proc[3]).
[TRACE]02:42:25:222:  [1]..shm_type[638].shm_id[240000].shm_key[2000].shm_size[2559].shm_flags[fc].shm_ptr[6f692f2e].
[TRACE]02:42:25:224:  [2]..shm_type[638].shm_id[240000].shm_key[2000].shm_size[2559].shm_flags[fc].shm_ptr[6f692f2e].
[TRACE]02:42:25:223:  **PROCESS CREATION**[smachine.c][137].smachine(this_proc[4]).
[MESSAGE]02:42:25:225:  [7].msgsnd(sender[7].receiver[0].message[4]).
[TRACE]02:42:25:229:  [0].ps_msg_init().
[TRACE]02:42:25:232:  [3]..shm_type[638].shm_id[240000].shm_key[2000].shm_size[2559].shm_flags[fc].shm_ptr[6f692f2e].
[TRACE]02:42:25:234:  [1].ps_msg_init().
[TRACE]02:42:25:236:  [2].ps_msg_init().
[TRACE]02:42:25:239:  [4]..shm_type[638].shm_id[240000].shm_key[2000].shm_size[2559].shm_flags[fc].shm_ptr[6f692f2e].
[TRACE]02:42:25:240:  [7][message.c][236].msg_send( receiver[1] ).
[TRACE]02:42:25:242:  [0]..i[0].que_id[240000].que_key[2000].que_flags[9ff].
[TRACE]02:42:25:245:  [3].ps_msg_init().
[TRACE]02:42:25:246:  [1]..i[0].que_id[240000].que_key[2000].que_flags[9ff].
[TRACE]02:42:25:248:  [2]..i[0].que_id[240000].que_key[2000].que_flags[9ff].
[TRACE]02:42:25:251:  [4].ps_msg_init().
[MESSAGE]02:42:25:255:  [7].msgsnd(sender[7].receiver[1].message[4]).
[TRACE]02:42:25:256:  [0]..i[1].que_id[248001].que_key[2001].que_flags[9ff].
[TRACE]02:42:25:259:  [3]..i[0].que_id[240000].que_key[2000].que_flags[9ff].
[TRACE]02:42:25:261:  [1]..i[1].que_id[248001].que_key[2001].que_flags[9ff].
[TRACE]02:42:25:262:  [2]..i[1].que_id[248001].que_key[2001].que_flags[9ff].
[TRACE]02:42:25:265:  [4]..i[0].que_id[240000].que_key[2000].que_flags[9ff].
[TRACE]02:42:25:267:  [7][message.c][236].msg_send( receiver[2] ).
[TRACE]02:42:25:269:  [0]..i[2].que_id[250002].que_key[2002].que_flags[9ff].
[TRACE]02:42:25:272:  [3]..i[1].que_id[248001].que_key[2001].que_flags[9ff].
[TRACE]02:42:25:274:  [1]..i[2].que_id[250002].que_key[2002].que_flags[9ff].
[TRACE]02:42:25:275:  [2]..i[2].que_id[250002].que_key[2002].que_flags[9ff].
[TRACE]02:42:25:278:  [4]..i[1].que_id[248001].que_key[2001].que_flags[9ff].
[MESSAGE]02:42:25:280:  [7].msgsnd(sender[7].receiver[2].message[4]).
[TRACE]02:42:25:281:  [0]..i[3].que_id[258003].que_key[2003].que_flags[9ff].
[TRACE]02:42:25:284:  [3]..i[2].que_id[250002].que_key[2002].que_flags[9ff].
[TRACE]02:42:25:285:  [1]..i[3].que_id[258003].que_key[2003].que_flags[9ff].
[TRACE]02:42:25:287:  [2]..i[3].que_id[258003].que_key[2003].que_flags[9ff].
[TRACE]02:42:25:290:  [4]..i[2].que_id[250002].que_key[2002].que_flags[9ff].
[TRACE]02:42:25:291:  [7][message.c][236].msg_send( receiver[3] ).
[TRACE]02:42:25:293:  [0]..i[4].que_id[260004].que_key[2004].que_flags[9ff].
[TRACE]02:42:25:296:  [3]..i[3].que_id[258003].que_key[2003].que_flags[9ff].
[TRACE]02:42:25:298:  [1]..i[4].que_id[260004].que_key[2004].que_flags[9ff].
[TRACE]02:42:25:299:  [2]..i[4].que_id[260004].que_key[2004].que_flags[9ff].
[MESSAGE]02:42:25:304:  [7].msgsnd(sender[7].receiver[3].message[4]).
[TRACE]02:42:25:306:  [0]..i[5].que_id[268005].que_key[2005].que_flags[9ff].
[TRACE]02:42:25:310:  [3]..i[4].que_id[260004].que_key[2004].que_flags[9ff].
[TRACE]02:42:25:310:  [1]..i[5].que_id[268005].que_key[2005].que_flags[9ff].
[TRACE]02:42:25:312:  [2]..i[5].que_id[268005].que_key[2005].que_flags[9ff].
[TRACE]02:42:25:316:  [7][message.c][236].msg_send( receiver[4] ).
[TRACE]02:42:25:318:  [0]..i[6].que_id[270006].que_key[2006].que_flags[9ff].
[TRACE]02:42:25:320:  [3]..i[5].que_id[268005].que_key[2005].que_flags[9ff].
[TRACE]02:42:25:322:  [1]..i[6].que_id[270006].que_key[2006].que_flags[9ff].
[TRACE]02:42:25:324:  [2]..i[6].que_id[270006].que_key[2006].que_flags[9ff].
[MESSAGE]02:42:25:326:  [7].msgsnd(sender[7].receiver[4].message[4]).
[TRACE]02:42:25:328:  [0]..i[7].que_id[278007].que_key[2007].que_flags[9ff].
[TRACE]02:42:25:331:  [3]..i[6].que_id[270006].que_key[2006].que_flags[9ff].
[TRACE]02:42:25:333:  [1]..i[7].que_id[278007].que_key[2007].que_flags[9ff].
[TRACE]02:42:25:334:  [2]..i[7].que_id[278007].que_key[2007].que_flags[9ff].
[DUMP]02:42:25:337:  [7].dump_proc_table( main: ).
[TRACE]02:42:25:338:  [0].msg_receive(3) entered.
[TRACE]02:42:25:341:  [3]..i[7].que_id[278007].que_key[2007].que_flags[9ff].
[TRACE]02:42:25:343:  [1].msg_receive(0) entered.
[TRACE]02:42:25:345:  [2].msg_receive(0) entered.
[DUMP]02:42:25:348:  [7]..i[0].proc_id[638].que_id[240000].que_key[2000].que_flags[9ff].msg_size[252].message[3]..
[TRACE]02:42:25:350:  [0][message.c][135].generic_msg_init(4).
[TRACE]02:42:25:352:  [3].msg_receive(0) entered.
[TRACE]02:42:25:354:  [1][message.c][135].generic_msg_init(4).
[TRACE]02:42:25:357:  [2][message.c][135].generic_msg_init(4).
[DUMP]02:42:25:360:  [7]..i[1].proc_id[639].que_id[248001].que_key[2001].que_flags[9ff].msg_size[252].message[0]..
[MESSAGE]02:42:25:362:  [0]..msgrcv start.
[TRACE]02:42:25:365:  [3][message.c][135].generic_msg_init(4).
[MESSAGE]02:42:25:367:  [1]..msgrcv start.
[MESSAGE]02:42:25:369:  [2]..msgrcv start.
[DUMP]02:42:25:371:  [7]..i[2].proc_id[640].que_id[250002].que_key[2002].que_flags[9ff].msg_size[252].message[0]..
[MESSAGE]02:42:25:374:  [0].msg_receive(4) return from msgrcv SYSCALL.
[TRACE]02:42:25:302:  [4]..i[3].que_id[258003].que_key[2003].que_flags[9ff].
[MESSAGE]02:42:25:377:  [3]..msgrcv start.
[MESSAGE]02:42:25:378:  [1].msg_receive(4) return from msgrcv SYSCALL.
[MESSAGE]02:42:25:380:  [2].msg_receive(4) return from msgrcv SYSCALL.
[DUMP]02:42:25:382:  [7]..i[3].proc_id[641].que_id[258003].que_key[2003].que_flags[9ff].msg_size[252].message[0]..
[TRACE]02:42:25:384:  [0].generic_msg_free(804e180).
[TRACE]02:42:25:386:  [4]..i[4].que_id[260004].que_key[2004].que_flags[9ff].
[MESSAGE]02:42:25:388:  [3].msg_receive(4) return from msgrcv SYSCALL.
[TRACE]02:42:25:390:  [1].generic_msg_free(804dc20).
[TRACE]02:42:25:391:  [2].generic_msg_free(804dc20).
[DUMP]02:42:25:394:  [7]..i[4].proc_id[642].que_id[260004].que_key[2004].que_flags[9ff].msg_size[252].message[1]..
[DUMP]02:42:25:396:  [0].dump_proc_table( io: ).
[TRACE]02:42:25:398:  [4]..i[5].que_id[268005].que_key[2005].que_flags[9ff].
[TRACE]02:42:25:400:  [3].generic_msg_free(804dc40).
[DUMP]02:42:25:402:  [1].dump_proc_table( pgrabber: ).
[DUMP]02:42:25:404:  [2].dump_proc_table( ppusher: ).
[DUMP]02:42:25:406:  [7]..i[5].proc_id[-1].que_id[268005].que_key[2005].que_flags[9ff].msg_size[252].message[2]..
[DUMP]02:42:25:408:  [0]..i[0].proc_id[638].que_id[240000].que_key[2000].que_flags[9ff].msg_size[252].message[3]..
[TRACE]02:42:25:410:  [4]..i[6].que_id[270006].que_key[2006].que_flags[9ff].
[DUMP]02:42:25:412:  [3].dump_proc_table( pstamper: ).
[DUMP]02:42:25:415:  [1]..i[0].proc_id[638].que_id[240000].que_key[2000].que_flags[9ff].msg_size[252].message[3]..
[DUMP]02:42:25:416:  [2]..i[0].proc_id[638].que_id[240000].que_key[2000].que_flags[9ff].msg_size[252].message[3]..
[DUMP]02:42:25:419:  [7]..i[6].proc_id[-1].que_id[270006].que_key[2006].que_flags[9ff].msg_size[252].message[4]..
[DUMP]02:42:25:422:  [0]..i[1].proc_id[639].que_id[248001].que_key[2001].que_flags[9ff].msg_size[252].message[0]..
[TRACE]02:42:25:423:  [4]..i[7].que_id[278007].que_key[2007].que_flags[9ff].
[DUMP]02:42:25:428:  [1]..i[1].proc_id[639].que_id[248001].que_key[2001].que_flags[9ff].msg_size[252].message[0]..
[DUMP]02:42:25:429:  [2]..i[1].proc_id[639].que_id[248001].que_key[2001].que_flags[9ff].msg_size[252].message[0]..
[DUMP]02:42:25:433:  [0]..i[2].proc_id[640].que_id[250002].que_key[2002].que_flags[9ff].msg_size[252].message[0]..
[TRACE]02:42:25:435:  [4].msg_receive(1) entered.
[DUMP]02:42:25:438:  [1]..i[2].proc_id[640].que_id[250002].que_key[2002].que_flags[9ff].msg_size[252].message[0]..
[DUMP]02:42:25:440:  [2]..i[2].proc_id[640].que_id[250002].que_key[2002].que_flags[9ff].msg_size[252].message[0]..
[DUMP]02:42:25:431:  [7]..i[7].proc_id[-1].que_id[278007].que_key[2007].que_flags[9ff].msg_size[252].message[4]..
[DUMP]02:42:25:442:  [0]..i[3].proc_id[641].que_id[258003].que_key[2003].que_flags[9ff].msg_size[252].message[0]..
[TRACE]02:42:25:444:  [4][message.c][135].generic_msg_init(4).
[DUMP]02:42:25:445:  [1]..i[3].proc_id[641].que_id[258003].que_key[2003].que_flags[9ff].msg_size[252].message[0]..
[DUMP]02:42:25:447:  [2]..i[3].proc_id[641].que_id[258003].que_key[2003].que_flags[9ff].msg_size[252].message[0]..
[DUMP]02:42:25:426:  [3]..i[0].proc_id[638].que_id[240000].que_key[2000].que_flags[9ff].msg_size[252].message[3]..
[DUMP]02:42:25:453:  [0]..i[4].proc_id[642].que_id[260004].que_key[2004].que_flags[9ff].msg_size[252].message[1]..
[MESSAGE]02:42:25:456:  [4]..msgrcv start.
[DUMP]02:42:25:458:  [1]..i[4].proc_id[642].que_id[260004].que_key[2004].que_flags[9ff].msg_size[252].message[1]..
[DUMP]02:42:25:461:  [2]..i[4].proc_id[642].que_id[260004].que_key[2004].que_flags[9ff].msg_size[252].message[1]..
[DUMP]02:42:25:463:  [3]..i[1].proc_id[639].que_id[248001].que_key[2001].que_flags[9ff].msg_size[252].message[0]..
[DUMP]02:42:25:466:  [0]..i[5].proc_id[-1].que_id[268005].que_key[2005].que_flags[9ff].msg_size[252].message[2]..
[MESSAGE]02:42:25:467:  [4].msg_receive(4) return from msgrcv SYSCALL.
[DUMP]02:42:25:470:  [1]..i[5].proc_id[-1].que_id[268005].que_key[2005].que_flags[9ff].msg_size[252].message[2]..
[DUMP]02:42:25:472:  [2]..i[5].proc_id[-1].que_id[268005].que_key[2005].que_flags[9ff].msg_size[252].message[2]..
[DUMP]02:42:25:476:  [3]..i[2].proc_id[640].que_id[250002].que_key[2002].que_flags[9ff].msg_size[252].message[0]..
[DUMP]02:42:25:478:  [0]..i[6].proc_id[-1].que_id[270006].que_key[2006].que_flags[9ff].msg_size[252].message[4]..
[TRACE]02:42:25:479:  [4].generic_msg_free(804fc20).
[DUMP]02:42:25:481:  [1]..i[6].proc_id[-1].que_id[270006].que_key[2006].que_flags[9ff].msg_size[252].message[4]..
[DUMP]02:42:25:483:  [2]..i[6].proc_id[-1].que_id[270006].que_key[2006].que_flags[9ff].msg_size[252].message[4]..
[DUMP]02:42:25:486:  [3]..i[3].proc_id[641].que_id[258003].que_key[2003].que_flags[9ff].msg_size[252].message[0]..
[DUMP]02:42:25:488:  [0]..i[7].proc_id[-1].que_id[278007].que_key[2007].que_flags[9ff].msg_size[252].message[4]..
[TRACE]02:42:25:490:  [4].value_of(10).
[DUMP]02:42:25:492:  [1]..i[7].proc_id[-1].que_id[278007].que_key[2007].que_flags[9ff].msg_size[252].message[4]..
[DUMP]02:42:25:495:  [2]..i[7].proc_id[-1].que_id[278007].que_key[2007].que_flags[9ff].msg_size[252].message[4]..
[DUMP]02:42:25:498:  [3]..i[4].proc_id[642].que_id[260004].que_key[2004].que_flags[9ff].msg_size[252].message[1]..
[TRACE]02:42:25:502:  [4][message.c][135].generic_msg_init(3).
[TRACE]02:42:25:500:  [0].msg_receive(3) entered.
[TRACE]02:42:25:504:  [1].msg_receive(0) entered.
[TRACE]02:42:25:507:  [2].msg_receive(0) entered.
[DUMP]02:42:25:509:  [3]..i[5].proc_id[-1].que_id[268005].que_key[2005].que_flags[9ff].msg_size[252].message[2]..
[TRACE]02:42:25:511:  [4][message.c][236].msg_send( receiver[0] ).
[TRACE]02:42:25:512:  [0][message.c][135].generic_msg_init(4).
[TRACE]02:42:25:515:  [1][message.c][135].generic_msg_init(4).
[TRACE]02:42:25:517:  [2][message.c][135].generic_msg_init(4).
[MESSAGE]02:42:25:522:  [4].msgsnd(sender[4].receiver[0].message[3]).
[MESSAGE]02:42:25:524:  [0]..msgrcv start.
[MESSAGE]02:42:25:526:  [1]..msgrcv start.
[MESSAGE]02:42:25:528:  [2]..msgrcv start.
[DUMP]02:42:25:519:  [3]..i[6].proc_id[-1].que_id[270006].que_key[2006].que_flags[9ff].msg_size[252].message[4]..
[MESSAGE]02:42:25:532:  [0].msg_receive(3) return from msgrcv SYSCALL.
[TRACE]02:42:25:531:  [4].generic_msg_free(804fc20).
[DUMP]02:42:25:536:  [3]..i[7].proc_id[-1].que_id[278007].que_key[2007].que_flags[9ff].msg_size[252].message[4]..
[MESSAGE]02:42:25:538:  [0][io.c][184]..io_value_of(bit[10]) cmd msg.
[TRACE]02:42:25:540:  [4].msg_receive(4) entered.
[TRACE]02:42:25:543:  [3].msg_receive(0) entered.
[SIMULATE]02:42:25:545:  [0].io_simulate( command[2].bit[10] ).
[TRACE]02:42:25:547:  [4][message.c][135].generic_msg_init(4).
[TRACE]02:42:25:550:  [3][message.c][135].generic_msg_init(4).
[TRACE]02:42:25:551:  [0][message.c][280].msg_reply( receiver[4] ).
[MESSAGE]02:42:25:553:  [4]..msgrcv start.
[MESSAGE]02:42:25:557:  [3]..msgrcv start.
[MESSAGE]02:42:25:558:  [0].msgsnd(sender[0].receiver[4].message[3]).
[TRACE]02:42:25:563:  [0].generic_msg_free(804e180).
[TRACE]02:42:25:565:  [0].msg_receive(3) entered.
[TRACE]02:42:25:567:  [0][message.c][135].generic_msg_init(4).
[MESSAGE]02:42:25:570:  [0]..msgrcv start.
[MESSAGE]02:42:26:561:  [4].msg_receive(3) return from msgrcv SYSCALL.
[TRACE]02:42:26:582:  [4].generic_msg_free(804fc20).
[TRACE]02:42:26:584:  [4].value_of(9).
[TRACE]02:42:26:587:  [4][message.c][135].generic_msg_init(3).
[TRACE]02:42:26:589:  [4][message.c][236].msg_send( receiver[0] ).
[MESSAGE]02:42:26:592:  [4].msgsnd(sender[4].receiver[0].message[3]).
[TRACE]02:42:26:594:  [4].generic_msg_free(804fc20).
[TRACE]02:42:26:596:  [4].msg_receive(4) entered.
[TRACE]02:42:26:599:  [4][message.c][135].generic_msg_init(4).
[MESSAGE]02:42:26:601:  [4]..msgrcv start.
[MESSAGE]02:42:27:591:  [0].msg_receive(3) return from msgrcv SYSCALL.
[MESSAGE]02:42:27:593:  [0][io.c][184]..io_value_of(bit[9]) cmd msg.
[SIMULATE]02:42:27:596:  [0].io_simulate( command[2].bit[9] ).
[TRACE]02:42:27:598:  [0][message.c][280].msg_reply( receiver[4] ).
[MESSAGE]02:42:27:601:  [0].msgsnd(sender[0].receiver[4].message[3]).
[TRACE]02:42:27:603:  [0].generic_msg_free(804e180).
[TRACE]02:42:27:606:  [0].msg_receive(3) entered.
[TRACE]02:42:27:608:  [0][message.c][135].generic_msg_init(4).
[MESSAGE]02:42:27:611:  [0]..msgrcv start.
[MESSAGE]02:42:27:611:  [4].msg_receive(3) return from msgrcv SYSCALL.
[TRACE]02:42:27:615:  [4].generic_msg_free(804fc20).
[DUMP]02:42:27:617:  [4].dump_proc_table( smachine: ).
[DUMP]02:42:27:619:  [4]..i[0].proc_id[638].que_id[240000].que_key[2000].que_flags[9ff].msg_size[252].message[3]..
[DUMP]02:42:27:622:  [4]..i[1].proc_id[639].que_id[248001].que_key[2001].que_flags[9ff].msg_size[252].message[0]..
[DUMP]02:42:27:624:  [4]..i[2].proc_id[640].que_id[250002].que_key[2002].que_flags[9ff].msg_size[252].message[0]..
[DUMP]02:42:27:627:  [4]..i[3].proc_id[641].que_id[258003].que_key[2003].que_flags[9ff].msg_size[252].message[0]..
[DUMP]02:42:27:629:  [4]..i[4].proc_id[642].que_id[260004].que_key[2004].que_flags[9ff].msg_size[252].message[1]..
[DUMP]02:42:27:632:  [4]..i[5].proc_id[-1].que_id[268005].que_key[2005].que_flags[9ff].msg_size[252].message[2]..
[DUMP]02:42:27:634:  [4]..i[6].proc_id[-1].que_id[270006].que_key[2006].que_flags[9ff].msg_size[252].message[4]..
[DUMP]02:42:27:637:  [4]..i[7].proc_id[-1].que_id[278007].que_key[2007].que_flags[9ff].msg_size[252].message[4]..
[TRACE]02:42:27:639:  [4].msg_receive(1) entered.
[TRACE]02:42:27:642:  [4][message.c][135].generic_msg_init(4).
[MESSAGE]02:42:27:644:  [4]..msgrcv start.
[TRACE]02:42:33:354:  [6]..shm_type[638].shm_id[240000].shm_key[2000].shm_size[2559].shm_flags[fc].shm_ptr[6f692f2e].
[TRACE]02:42:33:358:  [6].ps_msg_init().
[TRACE]02:42:33:361:  [6]..i[0].que_id[240000].que_key[2000].que_flags[9ff].
[TRACE]02:42:33:363:  [6]..i[1].que_id[248001].que_key[2001].que_flags[9ff].
[TRACE]02:42:33:366:  [6]..i[2].que_id[250002].que_key[2002].que_flags[9ff].
[TRACE]02:42:33:369:  [6]..i[3].que_id[258003].que_key[2003].que_flags[9ff].
[TRACE]02:42:33:376:  [6]..i[4].que_id[260004].que_key[2004].que_flags[9ff].
[TRACE]02:42:33:378:  [6]..i[5].que_id[268005].que_key[2005].que_flags[9ff].
[TRACE]02:42:33:380:  [6]..i[6].que_id[270006].que_key[2006].que_flags[9ff].
[TRACE]02:42:33:383:  [6]..i[7].que_id[278007].que_key[2007].que_flags[9ff].
[DUMP]02:42:33:385:  [6].dump_proc_table( pstcl: ).
[DUMP]02:42:33:387:  [6]..i[0].proc_id[638].que_id[240000].que_key[2000].que_flags[9ff].msg_size[252].message[3]..
[DUMP]02:42:33:390:  [6]..i[1].proc_id[639].que_id[248001].que_key[2001].que_flags[9ff].msg_size[252].message[0]..
[DUMP]02:42:33:392:  [6]..i[2].proc_id[640].que_id[250002].que_key[2002].que_flags[9ff].msg_size[252].message[0]..
[DUMP]02:42:33:395:  [6]..i[3].proc_id[641].que_id[258003].que_key[2003].que_flags[9ff].msg_size[252].message[0]..
[DUMP]02:42:33:397:  [6]..i[4].proc_id[642].que_id[260004].que_key[2004].que_flags[9ff].msg_size[252].message[1]..
[DUMP]02:42:33:399:  [6]..i[5].proc_id[-1].que_id[268005].que_key[2005].que_flags[9ff].msg_size[252].message[2]..
[DUMP]02:42:33:403:  [6]..i[6].proc_id[-1].que_id[270006].que_key[2006].que_flags[9ff].msg_size[252].message[4]..
[DUMP]02:42:33:405:  [6]..i[7].proc_id[-1].que_id[278007].que_key[2007].que_flags[9ff].msg_size[252].message[4]..
[TCL]02:43:01:332:  [6].sendcmdCmd( argc[3] ).
[TRACE]02:43:01:335:  [6][message.c][135].generic_msg_init(4).
[MESSAGE]02:43:01:338:  [6][sendcmd.c][293].SMCM(command[2]).
[TRACE]02:43:01:340:  [6][message.c][236].msg_send( receiver[4] ).
[MESSAGE]02:43:01:342:  [6].msgsnd(sender[6].receiver[4].message[1]).
[TRACE]02:43:01:352:  [6].generic_msg_free(8057cf0).
[TRACE]02:43:01:355:  [6].msg_receive(4) entered.
[TRACE]02:43:01:358:  [6][message.c][135].generic_msg_init(4).
[MESSAGE]02:43:01:360:  [6]..msgrcv start.
[MESSAGE]02:43:01:981:  [4].msg_receive(1) return from msgrcv SYSCALL.
[TRACE]02:43:01:986:  [4].h_state_ehardware( gm[134544416] mp->message[1] ).
[TRACE]02:43:01:988:  [4].h_state_ehardware( smcm->command[2] ).
[TRACE]02:43:01:990:  [4][message.c][280].msg_reply( receiver[6] ).
[MESSAGE]02:43:01:993:  [4].msgsnd(sender[4].receiver[6].message[1]).
[TRACE]02:43:01:995:  [4].generic_msg_free(804fc20).
[TRACE]02:43:01:997:  [4].msg_receive(1) entered.
[TRACE]02:43:01:1000:  [4][message.c][135].generic_msg_init(4).
[MESSAGE]02:43:02:002:  [4]..msgrcv start.
[MESSAGE]02:43:02:371:  [6].msg_receive(1) return from msgrcv SYSCALL.
[TRACE]02:43:02:373:  [6]..parse_smachine_msg(8057cf0).sender(4)..
[TCL]02:43:02:376:  [6].sendcmd complete(0).
[TRACE]02:43:02:378:  [6].generic_msg_free(8057cf0).
[TCL]02:43:47:035:  [6].sendcmdCmd( argc[4] ).
[TRACE]02:43:47:039:  [6][message.c][135].generic_msg_init(4).
[MESSAGE]02:43:47:041:  [6][sendcmd.c][228].IOCM(command[1].bit[9].value[-1].
[TRACE]02:43:47:044:  [6][message.c][236].msg_send( receiver[0] ).
[MESSAGE]02:43:47:046:  [6].msgsnd(sender[6].receiver[0].message[3]).
[TRACE]02:43:47:048:  [6].generic_msg_free(8057cf0).
[TRACE]02:43:47:051:  [6].msg_receive(4) entered.
[TRACE]02:43:47:053:  [6][message.c][135].generic_msg_init(4).
[MESSAGE]02:43:47:056:  [6]..msgrcv start.
[MESSAGE]02:43:47:401:  [0].msg_receive(3) return from msgrcv SYSCALL.
[MESSAGE]02:43:47:404:  [0][io.c][178]..io_turn_on(bit[9]) cmd msg.
[SIMULATE]02:43:47:406:  [0].io_simulate( command[1].bit[9] ).
[TRACE]02:43:47:409:  [0][message.c][135].generic_msg_init(1).
[TRACE]02:43:47:412:  [0][message.c][236].msg_send( receiver[4] ).
[MESSAGE]02:43:47:419:  [0].msgsnd(sender[0].receiver[4].message[1]).
[TRACE]02:43:47:421:  [0].generic_msg_free(804e280).
[TRACE]02:43:47:424:  [0].msg_receive(1) entered.
[TRACE]02:43:47:426:  [0][message.c][135].generic_msg_init(4).
[MESSAGE]02:43:47:429:  [0]..msgrcv start.
[MESSAGE]02:43:47:451:  [4].msg_receive(1) return from msgrcv SYSCALL.
[TRACE]02:43:47:454:  [4].h_state_ehardware( gm[134544416] mp->message[1] ).
[TRACE]02:43:47:456:  [4].h_state_ehardware( smcm->command[4] ).
[TRACE]02:43:47:459:  [4].value_of(9).
[TRACE]02:43:47:462:  [4][message.c][135].generic_msg_init(3).
[TRACE]02:43:47:465:  [4][message.c][236].msg_send( receiver[0] ).
[MESSAGE]02:43:47:468:  [4].msgsnd(sender[4].receiver[0].message[3]).
[TRACE]02:43:47:470:  [4].generic_msg_free(804fd20).
[TRACE]02:43:47:475:  [4].msg_receive(4) entered.
[TRACE]02:43:47:478:  [4][message.c][135].generic_msg_init(4).
[MESSAGE]02:43:47:481:  [4]..msgrcv start.
[MESSAGE]02:43:48:441:  [0].msg_receive(3) return from msgrcv SYSCALL.
[TRACE]02:43:48:443:  [0].generic_msg_free(804e280).
[TRACE]02:43:48:446:  [0][message.c][280].msg_reply( receiver[6] ).
[MESSAGE]02:43:48:448:  [0].msgsnd(sender[0].receiver[6].message[3]).
[TRACE]02:43:48:451:  [0].generic_msg_free(804e180).
[TRACE]02:43:48:453:  [0].msg_receive(3) entered.
[TRACE]02:43:48:455:  [0][message.c][135].generic_msg_init(4).
[MESSAGE]02:43:48:458:  [0]..msgrcv start.
[MESSAGE]02:43:49:071:  [6].msg_receive(3) return from msgrcv SYSCALL.
[TRACE]02:43:49:073:  [6]..parse_io_msg(8057cf0).sender(0)..
[TCL]02:43:49:076:  [6].sendcmd complete(0).
[TRACE]02:43:49:078:  [6].generic_msg_free(8057cf0).
